workbench.desktop.main.js:sourcemap:1734 [sidthesloth.html5-boilerplate]: Unknown language in `contributes.html5-boilerplate.language`. Provided value: njk
_logMessageInConsole @ workbench.desktop.main.js:sourcemap:1734
workbench.desktop.main.js:sourcemap:1734 [sidthesloth.html5-boilerplate]: Unknown language in `contributes.html5-boilerplate.language`. Provided value: django-html
_logMessageInConsole @ workbench.desktop.main.js:sourcemap:1734
workbench.desktop.main.js:sourcemap:60 [Extension Host] pdl.ts /Users/kirenvideo/.vscode/extensions/jock.svg-1.4.5/client/out
workbench.desktop.main.js:sourcemap:60 [Extension Host] /Users/kirenvideo/.vscode/extensions/jock.svg-1.4.5/client/out /Users/kirenvideo/Library/Application Support/Code/User/globalStorage/jock.svg
workbench.desktop.main.js:sourcemap:60 [Extension Host] "live-sass-compiler" is now actived! Go and Debug :P 
workbench.desktop.main.js:sourcemap:60 [Extension Host] server bound
bootstrap-window.js:259 [uncaught exception]: Error: write EPIPE
g @ bootstrap-window.js:259
bootstrap-window.js:262 Error: write EPIPE
    at WriteWrap.onWriteComplete [as oncomplete] (internal/stream_base_commons.js:92)
g @ bootstrap-window.js:262
events.js:292 Uncaught Error: write EPIPE
    at WriteWrap.onWriteComplete [as oncomplete] (internal/stream_base_commons.js:92)
workbench.desktop.main.js:sourcemap:1734 Extension host terminated unexpectedly. Code:  7  Signal:  null
_onExtensionHostCrashed @ workbench.desktop.main.js:sourcemap:1734
workbench.desktop.main.js:sourcemap:618   ERR Extension host terminated unexpectedly. The following extensions were running: vscode.microsoft-authentication, vscode.css-language-features, vscode.emmet, ritwickdey.LiveServer, SimonSiefke.prettier-vscode, vscode.debug-auto-launch, vscode.git, CoenraadS.bracket-pair-colorizer, ecmel.vscode-html-css, Gruntfuggly.bettercomment, jock.svg, natqe.reload, ritwickdey.live-sass, vscode.github, ms-vscode.js-debug, vscode.merge-conflict, vscode.testing-editor-contributions, esbenp.prettier-vscode, GitHub.vscode-pull-request-github, ms-vscode-remote.remote-containers, ms-vscode-remote.remote-wsl, vscode.github-authentication
workbench.desktop.main.js:sourcemap:738 Extension host terminated unexpectedly.
onDidChangeNotification @ workbench.desktop.main.js:sourcemap:738
workbench.desktop.main.js:sourcemap:2658 Extension Host
workbench.desktop.main.js:sourcemap:2658 /Users/kirenvideo/.vscode/extensions/ritwickdey.live-sass-3.0.0/node_modules/sasslib/sass.sync.js:61
